<?xml version="1.0" encoding="UTF-8"?>
<coverage generated="1594013648328" clover="3.2.0">
  <project timestamp="1594013648329" name="All files">
    <metrics statements="63" coveredstatements="63" conditionals="32" coveredconditionals="32" methods="12" coveredmethods="12" elements="107" coveredelements="107" complexity="0" loc="63" ncloc="63" packages="2" files="3" classes="3"/>
    <package name="lib">
      <metrics statements="33" coveredstatements="33" conditionals="16" coveredconditionals="16" methods="4" coveredmethods="4"/>
      <file name="testWriter.ts" path="C:\Users\Ivan\source\repos\slt-test-writer\lib\testWriter.ts">
        <metrics statements="33" coveredstatements="33" conditionals="16" coveredconditionals="16" methods="4" coveredmethods="4"/>
        <line num="2" count="1" type="stmt"/>
        <line num="3" count="1" type="stmt"/>
        <line num="12" count="1" type="stmt"/>
        <line num="13" count="3" type="stmt"/>
        <line num="14" count="3" type="stmt"/>
        <line num="20" count="3" type="stmt"/>
        <line num="22" count="3" type="stmt"/>
        <line num="23" count="23" type="stmt"/>
        <line num="24" count="23" type="stmt"/>
        <line num="26" count="23" type="cond" truecount="2" falsecount="0"/>
        <line num="27" count="22" type="stmt"/>
        <line num="28" count="22" type="cond" truecount="2" falsecount="0"/>
        <line num="29" count="12" type="cond" truecount="2" falsecount="0"/>
        <line num="30" count="1" type="stmt"/>
        <line num="32" count="11" type="stmt"/>
        <line num="34" count="10" type="cond" truecount="2" falsecount="0"/>
        <line num="35" count="7" type="stmt"/>
        <line num="36" count="7" type="cond" truecount="4" falsecount="0"/>
        <line num="37" count="1" type="stmt"/>
        <line num="39" count="6" type="stmt"/>
        <line num="41" count="3" type="cond" truecount="2" falsecount="0"/>
        <line num="42" count="2" type="cond" truecount="2" falsecount="0"/>
        <line num="43" count="1" type="stmt"/>
        <line num="45" count="1" type="stmt"/>
        <line num="48" count="1" type="stmt"/>
        <line num="51" count="1" type="stmt"/>
        <line num="55" count="3" type="stmt"/>
        <line num="58" count="1" type="stmt"/>
        <line num="59" count="2" type="stmt"/>
        <line num="60" count="2" type="stmt"/>
        <line num="61" count="15" type="stmt"/>
        <line num="63" count="2" type="stmt"/>
        <line num="64" count="2" type="stmt"/>
      </file>
    </package>
    <package name="util">
      <metrics statements="30" coveredstatements="30" conditionals="16" coveredconditionals="16" methods="8" coveredmethods="8"/>
      <file name="arrayUtils.ts" path="C:\Users\Ivan\source\repos\slt-test-writer\util\arrayUtils.ts">
        <metrics statements="16" coveredstatements="16" conditionals="4" coveredconditionals="4" methods="6" coveredmethods="6"/>
        <line num="1" count="2" type="stmt"/>
        <line num="2" count="24" type="stmt"/>
        <line num="4" count="24" type="stmt"/>
        <line num="5" count="58" type="stmt"/>
        <line num="6" count="58" type="cond" truecount="2" falsecount="0"/>
        <line num="7" count="30" type="stmt"/>
        <line num="11" count="24" type="stmt"/>
        <line num="14" count="2" type="stmt"/>
        <line num="15" count="8" type="stmt"/>
        <line num="18" count="2" type="stmt"/>
        <line num="19" count="31" type="stmt"/>
        <line num="20" count="31" type="cond" truecount="2" falsecount="0"/>
        <line num="21" count="2" type="stmt"/>
        <line num="25" count="12" type="stmt"/>
        <line num="28" count="2" type="stmt"/>
        <line num="29" count="12" type="stmt"/>
      </file>
      <file name="extractJsonPaths.ts" path="C:\Users\Ivan\source\repos\slt-test-writer\util\extractJsonPaths.ts">
        <metrics statements="14" coveredstatements="14" conditionals="12" coveredconditionals="12" methods="2" coveredmethods="2"/>
        <line num="5" count="2" type="stmt"/>
        <line num="6" count="3" type="stmt"/>
        <line num="8" count="22" type="cond" truecount="2" falsecount="0"/>
        <line num="9" count="19" type="stmt"/>
        <line num="10" count="19" type="cond" truecount="2" falsecount="0"/>
        <line num="12" count="19" type="stmt"/>
        <line num="13" count="67" type="stmt"/>
        <line num="14" count="67" type="cond" truecount="2" falsecount="0"/>
        <line num="16" count="67" type="cond" truecount="4" falsecount="0"/>
        <line num="17" count="16" type="stmt"/>
        <line num="18" count="51" type="cond" truecount="2" falsecount="0"/>
        <line num="20" count="23" type="stmt"/>
        <line num="25" count="3" type="stmt"/>
        <line num="26" count="3" type="stmt"/>
      </file>
    </package>
  </project>
</coverage>
