{"C:\\Users\\Ivan\\source\\repos\\slt-test-writer\\lib\\testWriter.ts": {"path":"C:\\Users\\Ivan\\source\\repos\\slt-test-writer\\lib\\testWriter.ts","statementMap":{"0":{"start":{"line":2,"column":0},"end":{"line":2,"column":33}},"1":{"start":{"line":3,"column":0},"end":{"line":3,"column":49}},"2":{"start":{"line":12,"column":13},"end":{"line":56,"column":2}},"3":{"start":{"line":13,"column":23},"end":{"line":13,"column":38}},"4":{"start":{"line":14,"column":18},"end":{"line":19,"column":4}},"5":{"start":{"line":20,"column":25},"end":{"line":20,"column":27}},"6":{"start":{"line":22,"column":2},"end":{"line":53,"column":5}},"7":{"start":{"line":23,"column":19},"end":{"line":23,"column":35}},"8":{"start":{"line":24,"column":18},"end":{"line":24,"column":57}},"9":{"start":{"line":26,"column":4},"end":{"line":52,"column":null}},"10":{"start":{"line":27,"column":26},"end":{"line":27,"column":34}},"11":{"start":{"line":28,"column":6},"end":{"line":49,"column":null}},"12":{"start":{"line":29,"column":8},"end":{"line":33,"column":null}},"13":{"start":{"line":30,"column":10},"end":{"line":30,"column":65}},"14":{"start":{"line":32,"column":10},"end":{"line":32,"column":70}},"15":{"start":{"line":34,"column":13},"end":{"line":49,"column":null}},"16":{"start":{"line":35,"column":22},"end":{"line":35,"column":55}},"17":{"start":{"line":36,"column":8},"end":{"line":40,"column":null}},"18":{"start":{"line":37,"column":12},"end":{"line":37,"column":86}},"19":{"start":{"line":39,"column":10},"end":{"line":39,"column":65}},"20":{"start":{"line":41,"column":13},"end":{"line":49,"column":null}},"21":{"start":{"line":42,"column":8},"end":{"line":46,"column":null}},"22":{"start":{"line":43,"column":10},"end":{"line":43,"column":48}},"23":{"start":{"line":45,"column":10},"end":{"line":45,"column":65}},"24":{"start":{"line":48,"column":8},"end":{"line":48,"column":46}},"25":{"start":{"line":51,"column":6},"end":{"line":51,"column":59}},"26":{"start":{"line":55,"column":2},"end":{"line":55,"column":15}},"27":{"start":{"line":58,"column":13},"end":{"line":65,"column":2}},"28":{"start":{"line":59,"column":15},"end":{"line":59,"column":17}},"29":{"start":{"line":60,"column":2},"end":{"line":62,"column":5}},"30":{"start":{"line":61,"column":4},"end":{"line":61,"column":47}},"31":{"start":{"line":63,"column":2},"end":{"line":63,"column":50}},"32":{"start":{"line":64,"column":2},"end":{"line":64,"column":75}}},"fnMap":{"0":{"name":"(anonymous_0)","decl":{"start":{"line":12,"column":31},"end":{"line":12,"column":32}},"loc":{"start":{"line":12,"column":60},"end":{"line":56,"column":1}}},"1":{"name":"(anonymous_1)","decl":{"start":{"line":22,"column":16},"end":{"line":22,"column":17}},"loc":{"start":{"line":22,"column":21},"end":{"line":53,"column":3}}},"2":{"name":"(anonymous_2)","decl":{"start":{"line":58,"column":30},"end":{"line":58,"column":31}},"loc":{"start":{"line":58,"column":64},"end":{"line":65,"column":1}}},"3":{"name":"(anonymous_3)","decl":{"start":{"line":60,"column":18},"end":{"line":60,"column":19}},"loc":{"start":{"line":60,"column":23},"end":{"line":62,"column":3}}}},"branchMap":{"0":{"loc":{"start":{"line":26,"column":4},"end":{"line":52,"column":null}},"type":"if","locations":[{"start":{"line":26,"column":4},"end":{"line":52,"column":null}},{"start":{"line":26,"column":4},"end":{"line":52,"column":null}}]},"1":{"loc":{"start":{"line":28,"column":6},"end":{"line":49,"column":null}},"type":"if","locations":[{"start":{"line":28,"column":6},"end":{"line":49,"column":null}},{"start":{"line":28,"column":6},"end":{"line":49,"column":null}}]},"2":{"loc":{"start":{"line":29,"column":8},"end":{"line":33,"column":null}},"type":"if","locations":[{"start":{"line":29,"column":8},"end":{"line":33,"column":null}},{"start":{"line":29,"column":8},"end":{"line":33,"column":null}}]},"3":{"loc":{"start":{"line":34,"column":13},"end":{"line":49,"column":null}},"type":"if","locations":[{"start":{"line":34,"column":13},"end":{"line":49,"column":null}},{"start":{"line":34,"column":13},"end":{"line":49,"column":null}}]},"4":{"loc":{"start":{"line":36,"column":8},"end":{"line":40,"column":null}},"type":"if","locations":[{"start":{"line":36,"column":8},"end":{"line":40,"column":null}},{"start":{"line":36,"column":8},"end":{"line":40,"column":null}}]},"5":{"loc":{"start":{"line":36,"column":12},"end":{"line":36,"column":23}},"type":"binary-expr","locations":[{"start":{"line":36,"column":12},"end":{"line":36,"column":23}},{"start":{"line":36,"column":27},"end":{"line":36,"column":37}}]},"6":{"loc":{"start":{"line":41,"column":13},"end":{"line":49,"column":null}},"type":"if","locations":[{"start":{"line":41,"column":13},"end":{"line":49,"column":null}},{"start":{"line":41,"column":13},"end":{"line":49,"column":null}}]},"7":{"loc":{"start":{"line":42,"column":8},"end":{"line":46,"column":null}},"type":"if","locations":[{"start":{"line":42,"column":8},"end":{"line":46,"column":null}},{"start":{"line":42,"column":8},"end":{"line":46,"column":null}}]}},"s":{"0":1,"1":1,"2":1,"3":3,"4":3,"5":3,"6":3,"7":23,"8":23,"9":23,"10":22,"11":22,"12":12,"13":1,"14":11,"15":10,"16":7,"17":7,"18":1,"19":6,"20":3,"21":2,"22":1,"23":1,"24":1,"25":1,"26":3,"27":1,"28":2,"29":2,"30":15,"31":2,"32":2},"f":{"0":3,"1":23,"2":2,"3":15},"b":{"0":[22,1],"1":[12,10],"2":[1,11],"3":[7,3],"4":[1,6],"5":[7,6],"6":[2,1],"7":[1,1]}}
,"C:\\Users\\Ivan\\source\\repos\\slt-test-writer\\util\\arrayUtils.ts": {"path":"C:\\Users\\Ivan\\source\\repos\\slt-test-writer\\util\\arrayUtils.ts","statementMap":{"0":{"start":{"line":1,"column":13},"end":{"line":12,"column":2}},"1":{"start":{"line":2,"column":24},"end":{"line":2,"column":26}},"2":{"start":{"line":4,"column":2},"end":{"line":9,"column":5}},"3":{"start":{"line":5,"column":17},"end":{"line":5,"column":28}},"4":{"start":{"line":6,"column":4},"end":{"line":8,"column":null}},"5":{"start":{"line":7,"column":6},"end":{"line":7,"column":23}},"6":{"start":{"line":11,"column":2},"end":{"line":11,"column":15}},"7":{"start":{"line":14,"column":13},"end":{"line":16,"column":2}},"8":{"start":{"line":15,"column":2},"end":{"line":15,"column":62}},"9":{"start":{"line":18,"column":13},"end":{"line":26,"column":2}},"10":{"start":{"line":19,"column":2},"end":{"line":23,"column":null}},"11":{"start":{"line":19,"column":18},"end":{"line":19,"column":25}},"12":{"start":{"line":19,"column":14},"end":{"line":19,"column":18}},"13":{"start":{"line":20,"column":4},"end":{"line":22,"column":null}},"14":{"start":{"line":21,"column":6},"end":{"line":21,"column":18}},"15":{"start":{"line":25,"column":2},"end":{"line":25,"column":15}},"16":{"start":{"line":28,"column":13},"end":{"line":30,"column":2}},"17":{"start":{"line":29,"column":2},"end":{"line":29,"column":53}},"18":{"start":{"line":29,"column":37},"end":{"line":29,"column":52}}},"fnMap":{"0":{"name":"(anonymous_0)","decl":{"start":{"line":1,"column":36},"end":{"line":1,"column":37}},"loc":{"start":{"line":1,"column":47},"end":{"line":12,"column":1}}},"1":{"name":"(anonymous_1)","decl":{"start":{"line":4,"column":14},"end":{"line":4,"column":15}},"loc":{"start":{"line":4,"column":19},"end":{"line":9,"column":3}}},"2":{"name":"(anonymous_2)","decl":{"start":{"line":14,"column":24},"end":{"line":14,"column":25}},"loc":{"start":{"line":14,"column":39},"end":{"line":16,"column":1}}},"3":{"name":"(anonymous_3)","decl":{"start":{"line":18,"column":31},"end":{"line":18,"column":32}},"loc":{"start":{"line":18,"column":49},"end":{"line":26,"column":1}}},"4":{"name":"(anonymous_4)","decl":{"start":{"line":28,"column":31},"end":{"line":28,"column":32}},"loc":{"start":{"line":28,"column":42},"end":{"line":30,"column":1}}},"5":{"name":"(anonymous_5)","decl":{"start":{"line":29,"column":19},"end":{"line":29,"column":20}},"loc":{"start":{"line":29,"column":32},"end":{"line":29,"column":40}}}},"branchMap":{"0":{"loc":{"start":{"line":6,"column":4},"end":{"line":8,"column":null}},"type":"if","locations":[{"start":{"line":6,"column":4},"end":{"line":8,"column":null}},{"start":{"line":6,"column":4},"end":{"line":8,"column":null}}]},"1":{"loc":{"start":{"line":20,"column":4},"end":{"line":22,"column":null}},"type":"if","locations":[{"start":{"line":20,"column":4},"end":{"line":22,"column":null}},{"start":{"line":20,"column":4},"end":{"line":22,"column":null}}]}},"s":{"0":2,"1":24,"2":24,"3":58,"4":58,"5":30,"6":24,"7":2,"8":8,"9":2,"10":14,"11":28,"12":31,"13":31,"14":2,"15":12,"16":2,"17":4,"18":12},"f":{"0":24,"1":58,"2":8,"3":14,"4":4,"5":12},"b":{"0":[30,28],"1":[2,29]}}
,"C:\\Users\\Ivan\\source\\repos\\slt-test-writer\\util\\extractJsonPaths.ts": {"path":"C:\\Users\\Ivan\\source\\repos\\slt-test-writer\\util\\extractJsonPaths.ts","statementMap":{"0":{"start":{"line":5,"column":13},"end":{"line":27,"column":2}},"1":{"start":{"line":6,"column":29},"end":{"line":6,"column":31}},"2":{"start":{"line":8,"column":29},"end":{"line":23,"column":3}},"3":{"start":{"line":8,"column":43},"end":{"line":8,"column":null}},"4":{"start":{"line":9,"column":23},"end":{"line":9,"column":41}},"5":{"start":{"line":10,"column":23},"end":{"line":10,"column":63}},"6":{"start":{"line":12,"column":4},"end":{"line":22,"column":null}},"7":{"start":{"line":13,"column":20},"end":{"line":13,"column":28}},"8":{"start":{"line":14,"column":30},"end":{"line":14,"column":78}},"9":{"start":{"line":16,"column":6},"end":{"line":21,"column":null}},"10":{"start":{"line":17,"column":8},"end":{"line":17,"column":51}},"11":{"start":{"line":18,"column":13},"end":{"line":21,"column":null}},"12":{"start":{"line":20,"column":8},"end":{"line":20,"column":39}},"13":{"start":{"line":25,"column":2},"end":{"line":25,"column":26}},"14":{"start":{"line":26,"column":2},"end":{"line":26,"column":18}}},"fnMap":{"0":{"name":"(anonymous_0)","decl":{"start":{"line":5,"column":32},"end":{"line":5,"column":33}},"loc":{"start":{"line":5,"column":44},"end":{"line":27,"column":1}}},"1":{"name":"(anonymous_1)","decl":{"start":{"line":8,"column":29},"end":{"line":8,"column":30}},"loc":{"start":{"line":8,"column":65},"end":{"line":23,"column":3}}}},"branchMap":{"0":{"loc":{"start":{"line":8,"column":43},"end":{"line":8,"column":null}},"type":"if","locations":[{"start":{"line":8,"column":43},"end":{"line":8,"column":null}},{"start":{"line":8,"column":43},"end":{"line":8,"column":null}}]},"1":{"loc":{"start":{"line":10,"column":39},"end":{"line":10,"column":52}},"type":"cond-expr","locations":[{"start":{"line":10,"column":39},"end":{"line":10,"column":52}},{"start":{"line":10,"column":55},"end":{"line":10,"column":63}}]},"2":{"loc":{"start":{"line":14,"column":43},"end":{"line":14,"column":53}},"type":"cond-expr","locations":[{"start":{"line":14,"column":43},"end":{"line":14,"column":53}},{"start":{"line":14,"column":59},"end":{"line":14,"column":78}}]},"3":{"loc":{"start":{"line":16,"column":6},"end":{"line":21,"column":null}},"type":"if","locations":[{"start":{"line":16,"column":6},"end":{"line":21,"column":null}},{"start":{"line":16,"column":6},"end":{"line":21,"column":null}}]},"4":{"loc":{"start":{"line":16,"column":10},"end":{"line":16,"column":35}},"type":"binary-expr","locations":[{"start":{"line":16,"column":10},"end":{"line":16,"column":35}},{"start":{"line":16,"column":39},"end":{"line":16,"column":53}}]},"5":{"loc":{"start":{"line":18,"column":13},"end":{"line":21,"column":null}},"type":"if","locations":[{"start":{"line":18,"column":13},"end":{"line":21,"column":null}},{"start":{"line":18,"column":13},"end":{"line":21,"column":null}}]}},"s":{"0":2,"1":3,"2":3,"3":22,"4":19,"5":19,"6":19,"7":67,"8":67,"9":67,"10":16,"11":51,"12":23,"13":3,"14":3},"f":{"0":3,"1":19},"b":{"0":[3,16],"1":[3,16],"2":[9,58],"3":[16,51],"4":[67,16],"5":[23,28]}}
}
