TN:
SF:lib\testWriter.ts
FN:12,(anonymous_0)
FN:22,(anonymous_1)
FN:58,(anonymous_2)
FN:60,(anonymous_3)
FNF:4
FNH:4
FNDA:3,(anonymous_0)
FNDA:23,(anonymous_1)
FNDA:2,(anonymous_2)
FNDA:15,(anonymous_3)
DA:2,1
DA:3,1
DA:12,1
DA:13,3
DA:14,3
DA:20,3
DA:22,3
DA:23,23
DA:24,23
DA:26,23
DA:27,22
DA:28,22
DA:29,12
DA:30,1
DA:32,11
DA:34,10
DA:35,7
DA:36,7
DA:37,1
DA:39,6
DA:41,3
DA:42,2
DA:43,1
DA:45,1
DA:48,1
DA:51,1
DA:55,3
DA:58,1
DA:59,2
DA:60,2
DA:61,15
DA:63,2
DA:64,2
LF:33
LH:33
BRDA:26,0,0,22
BRDA:26,0,1,1
BRDA:28,1,0,12
BRDA:28,1,1,10
BRDA:29,2,0,1
BRDA:29,2,1,11
BRDA:34,3,0,7
BRDA:34,3,1,3
BRDA:36,4,0,1
BRDA:36,4,1,6
BRDA:36,5,0,7
BRDA:36,5,1,6
BRDA:41,6,0,2
BRDA:41,6,1,1
BRDA:42,7,0,1
BRDA:42,7,1,1
BRF:16
BRH:16
end_of_record
TN:
SF:util\arrayUtils.ts
FN:1,(anonymous_0)
FN:4,(anonymous_1)
FN:14,(anonymous_2)
FN:18,(anonymous_3)
FN:28,(anonymous_4)
FN:29,(anonymous_5)
FNF:6
FNH:6
FNDA:24,(anonymous_0)
FNDA:58,(anonymous_1)
FNDA:8,(anonymous_2)
FNDA:14,(anonymous_3)
FNDA:4,(anonymous_4)
FNDA:12,(anonymous_5)
DA:1,2
DA:2,24
DA:4,24
DA:5,58
DA:6,58
DA:7,30
DA:11,24
DA:14,2
DA:15,8
DA:18,2
DA:19,31
DA:20,31
DA:21,2
DA:25,12
DA:28,2
DA:29,12
LF:16
LH:16
BRDA:6,0,0,30
BRDA:6,0,1,28
BRDA:20,1,0,2
BRDA:20,1,1,29
BRF:4
BRH:4
end_of_record
TN:
SF:util\extractJsonPaths.ts
FN:5,(anonymous_0)
FN:8,(anonymous_1)
FNF:2
FNH:2
FNDA:3,(anonymous_0)
FNDA:19,(anonymous_1)
DA:5,2
DA:6,3
DA:8,22
DA:9,19
DA:10,19
DA:12,19
DA:13,67
DA:14,67
DA:16,67
DA:17,16
DA:18,51
DA:20,23
DA:25,3
DA:26,3
LF:14
LH:14
BRDA:8,0,0,3
BRDA:8,0,1,16
BRDA:10,1,0,3
BRDA:10,1,1,16
BRDA:14,2,0,9
BRDA:14,2,1,58
BRDA:16,3,0,16
BRDA:16,3,1,51
BRDA:16,4,0,67
BRDA:16,4,1,16
BRDA:18,5,0,23
BRDA:18,5,1,28
BRF:12
BRH:12
end_of_record
